21:26:50: Edge Data
21:26:50: ---------
21:26:50: Triangle 0 = {indexSet=0, vertexSet=0, v0=0, v1=1, v2=2}
21:26:50: Triangle 1 = {indexSet=0, vertexSet=0, v0=3, v1=4, v2=5}
21:26:50: Triangle 2 = {indexSet=0, vertexSet=0, v0=6, v1=7, v2=8}
21:26:50: Triangle 3 = {indexSet=0, vertexSet=0, v0=9, v1=10, v2=11}
21:26:50: Triangle 4 = {indexSet=0, vertexSet=0, v0=12, v1=13, v2=14}
21:26:50: Triangle 5 = {indexSet=0, vertexSet=0, v0=15, v1=16, v2=17}
21:26:50: Triangle 6 = {indexSet=0, vertexSet=0, v0=18, v1=19, v2=20}
21:26:50: Triangle 7 = {indexSet=0, vertexSet=0, v0=21, v1=22, v2=23}
21:26:50: Edge Group vertexSet=0
21:26:50: Edge 0 = {
  tri0=0, 
  tri1=3, 
  v0=0, 
  v1=1, 
  degenerate=false 
}
21:26:50: Edge 1 = {
  tri0=0, 
  tri1=4, 
  v0=1, 
  v1=2, 
  degenerate=false 
}
21:26:50: Edge 2 = {
  tri0=0, 
  tri1=1, 
  v0=2, 
  v1=0, 
  degenerate=false 
}
21:26:50: Edge 3 = {
  tri0=1, 
  tri1=5, 
  v0=4, 
  v1=5, 
  degenerate=false 
}
21:26:50: Edge 4 = {
  tri0=1, 
  tri1=2, 
  v0=5, 
  v1=3, 
  degenerate=false 
}
21:26:50: Edge 5 = {
  tri0=2, 
  tri1=6, 
  v0=7, 
  v1=8, 
  degenerate=false 
}
21:26:50: Edge 6 = {
  tri0=2, 
  tri1=3, 
  v0=8, 
  v1=6, 
  degenerate=false 
}
21:26:50: Edge 7 = {
  tri0=3, 
  tri1=7, 
  v0=10, 
  v1=11, 
  degenerate=false 
}
21:26:50: Edge 8 = {
  tri0=4, 
  tri1=7, 
  v0=12, 
  v1=13, 
  degenerate=false 
}
21:26:50: Edge 9 = {
  tri0=4, 
  tri1=5, 
  v0=13, 
  v1=14, 
  degenerate=false 
}
21:26:50: Edge 10 = {
  tri0=5, 
  tri1=6, 
  v0=16, 
  v1=17, 
  degenerate=false 
}
21:26:50: Edge 11 = {
  tri0=6, 
  tri1=7, 
  v0=19, 
  v1=20, 
  degenerate=false 
}
